The system is: Darwin - 22.4.0 - arm64
Compiling the C compiler identification source file "CMakeCCompilerId.c" succeeded.
Compiler: /opt/homebrew/opt/llvm/bin/clang 
Build flags: 
Id flags:  

The output was:
0


Compilation of the C compiler identification source "CMakeCCompilerId.c" produced "a.out"

The C compiler identification is Clang, found in "/Users/lesscomplexity/DevShift/AppShift-MemoryPool/cmake-build-debug/CMakeFiles/3.25.2/CompilerIdC/a.out"

Compiling the CXX compiler identification source file "CMakeCXXCompilerId.cpp" succeeded.
Compiler: /opt/homebrew/opt/llvm/bin/clang++ 
Build flags: 
Id flags:  

The output was:
0


Compilation of the CXX compiler identification source "CMakeCXXCompilerId.cpp" produced "a.out"

The CXX compiler identification is Clang, found in "/Users/lesscomplexity/DevShift/AppShift-MemoryPool/cmake-build-debug/CMakeFiles/3.25.2/CompilerIdCXX/a.out"

Detecting C compiler ABI info compiled with the following output:
Change Dir: /Users/lesscomplexity/DevShift/AppShift-MemoryPool/cmake-build-debug/CMakeFiles/CMakeScratch/TryCompile-p1a2t2

Run Build Command(s):/Users/lesscomplexity/Library/Application Support/JetBrains/Toolbox/apps/CLion/ch-0/231.9225.21/CLion.app/Contents/bin/ninja/mac/ninja cmTC_91978 && [1/2] Building C object CMakeFiles/cmTC_91978.dir/CMakeCCompilerABI.c.o
Homebrew clang version 16.0.6
Target: arm64-apple-darwin22.4.0
Thread model: posix
InstalledDir: /opt/homebrew/opt/llvm/bin
clang-16: warning: -Wl,-v: 'linker' input unused [-Wunused-command-line-argument]
 (in-process)
 "/opt/homebrew/Cellar/llvm/16.0.6/bin/clang-16" -cc1 -triple arm64-apple-macosx13.0.0 -Wundef-prefix=TARGET_OS_ -Werror=undef-prefix -Wdeprecated-objc-isa-usage -Werror=deprecated-objc-isa-usage -emit-obj -mrelax-all -disable-free -clear-ast-before-backend -disable-llvm-verifier -discard-value-names -main-file-name CMakeCCompilerABI.c -mrelocation-model pic -pic-level 2 -mframe-pointer=non-leaf -ffp-contract=on -fno-rounding-math -funwind-tables=1 -target-sdk-version=13.3 -fcompatibility-qualified-id-block-type-checking -fvisibility-inlines-hidden-static-local-var -target-cpu apple-m1 -target-feature +v8.5a -target-feature +crc -target-feature +crypto -target-feature +dotprod -target-feature +fp-armv8 -target-feature +fp16fml -target-feature +lse -target-feature +ras -target-feature +rcpc -target-feature +rdm -target-feature +neon -target-feature +zcm -target-feature +zcz -target-feature +fullfp16 -target-feature +sm4 -target-feature +sha3 -target-feature +sha2 -target-feature +aes -target-abi darwinpcs -mllvm -treat-scalable-fixed-error-as-warning -debugger-tuning=lldb -target-linker-version 857.1 -v -fcoverage-compilation-dir=/Users/lesscomplexity/DevShift/AppShift-MemoryPool/cmake-build-debug/CMakeFiles/CMakeScratch/TryCompile-p1a2t2 -resource-dir /opt/homebrew/Cellar/llvm/16.0.6/lib/clang/16 -dependency-file CMakeFiles/cmTC_91978.dir/CMakeCCompilerABI.c.o.d -MT CMakeFiles/cmTC_91978.dir/CMakeCCompilerABI.c.o -sys-header-deps -isysroot /Library/Developer/CommandLineTools/SDKs/MacOSX13.3.sdk -internal-isystem /Library/Developer/CommandLineTools/SDKs/MacOSX13.3.sdk/usr/local/include -internal-isystem /opt/homebrew/Cellar/llvm/16.0.6/lib/clang/16/include -internal-externc-isystem /Library/Developer/CommandLineTools/SDKs/MacOSX13.3.sdk/usr/include -fdebug-compilation-dir=/Users/lesscomplexity/DevShift/AppShift-MemoryPool/cmake-build-debug/CMakeFiles/CMakeScratch/TryCompile-p1a2t2 -ferror-limit 19 -stack-protector 1 -fblocks -fencode-extended-block-signature -fregister-global-dtors-with-atexit -fgnuc-version=4.2.1 -fmax-type-align=16 -fcolor-diagnostics -D__GCC_HAVE_DWARF2_CFI_ASM=1 -o CMakeFiles/cmTC_91978.dir/CMakeCCompilerABI.c.o -x c "/Users/lesscomplexity/Library/Application Support/JetBrains/Toolbox/apps/CLion/ch-0/231.9225.21/CLion.app/Contents/bin/cmake/mac/share/cmake-3.25/Modules/CMakeCCompilerABI.c"
clang -cc1 version 16.0.6 based upon LLVM 16.0.6 default target arm64-apple-darwin22.4.0
ignoring nonexistent directory "/Library/Developer/CommandLineTools/SDKs/MacOSX13.3.sdk/usr/local/include"
ignoring nonexistent directory "/Library/Developer/CommandLineTools/SDKs/MacOSX13.3.sdk/Library/Frameworks"
#include "..." search starts here:
#include <...> search starts here:
 /opt/homebrew/Cellar/llvm/16.0.6/lib/clang/16/include
 /Library/Developer/CommandLineTools/SDKs/MacOSX13.3.sdk/usr/include
 /Library/Developer/CommandLineTools/SDKs/MacOSX13.3.sdk/System/Library/Frameworks (framework directory)
End of search list.
[2/2] Linking C executable cmTC_91978
Homebrew clang version 16.0.6
Target: arm64-apple-darwin22.4.0
Thread model: posix
InstalledDir: /opt/homebrew/opt/llvm/bin
 "/usr/bin/ld" -demangle -lto_library /opt/homebrew/Cellar/llvm/16.0.6/lib/libLTO.dylib -dynamic -arch arm64 -platform_version macos 13.0.0 13.3 -syslibroot /Library/Developer/CommandLineTools/SDKs/MacOSX13.sdk -o cmTC_91978 -L/opt/homebrew/opt/llvm/lib -L/Library/Developer/CommandLineTools/SDKs/MacOSX.sdk/usr/lib -L/opt/homebrew/opt/llvm/lib -search_paths_first -headerpad_max_install_names -v CMakeFiles/cmTC_91978.dir/CMakeCCompilerABI.c.o -lSystem /opt/homebrew/Cellar/llvm/16.0.6/lib/clang/16/lib/darwin/libclang_rt.osx.a
@(#)PROGRAM:ld  PROJECT:ld64-857.1
BUILD 16:59:58 Feb 24 2023
configured to support archs: armv6 armv7 armv7s arm64 arm64e arm64_32 i386 x86_64 x86_64h armv6m armv7k armv7m armv7em
Library search paths:
	/opt/homebrew/opt/llvm/lib
	/Library/Developer/CommandLineTools/SDKs/MacOSX.sdk/usr/lib
	/opt/homebrew/opt/llvm/lib
	/Library/Developer/CommandLineTools/SDKs/MacOSX13.sdk/usr/lib
Framework search paths:
	/Library/Developer/CommandLineTools/SDKs/MacOSX13.sdk/System/Library/Frameworks/



Parsed C implicit include dir info from above output: rv=done
  found start of include info
  found start of implicit include info
    add: [/opt/homebrew/Cellar/llvm/16.0.6/lib/clang/16/include]
    add: [/Library/Developer/CommandLineTools/SDKs/MacOSX13.3.sdk/usr/include]
  end of search list found
  collapse include dir [/opt/homebrew/Cellar/llvm/16.0.6/lib/clang/16/include] ==> [/opt/homebrew/Cellar/llvm/16.0.6/lib/clang/16/include]
  collapse include dir [/Library/Developer/CommandLineTools/SDKs/MacOSX13.3.sdk/usr/include] ==> [/Library/Developer/CommandLineTools/SDKs/MacOSX13.3.sdk/usr/include]
  implicit include dirs: [/opt/homebrew/Cellar/llvm/16.0.6/lib/clang/16/include;/Library/Developer/CommandLineTools/SDKs/MacOSX13.3.sdk/usr/include]


Parsed C implicit link information from above output:
  link line regex: [^( *|.*[/\])(ld|CMAKE_LINK_STARTFILE-NOTFOUND|([^/\]+-)?ld|collect2)[^/\]*( |$)]
  ignore line: [Change Dir: /Users/lesscomplexity/DevShift/AppShift-MemoryPool/cmake-build-debug/CMakeFiles/CMakeScratch/TryCompile-p1a2t2]
  ignore line: []
  ignore line: [Run Build Command(s):/Users/lesscomplexity/Library/Application Support/JetBrains/Toolbox/apps/CLion/ch-0/231.9225.21/CLion.app/Contents/bin/ninja/mac/ninja cmTC_91978 && [1/2] Building C object CMakeFiles/cmTC_91978.dir/CMakeCCompilerABI.c.o]
  ignore line: [Homebrew clang version 16.0.6]
  ignore line: [Target: arm64-apple-darwin22.4.0]
  ignore line: [Thread model: posix]
  ignore line: [InstalledDir: /opt/homebrew/opt/llvm/bin]
  ignore line: [clang-16: warning: -Wl -v: 'linker' input unused [-Wunused-command-line-argument]]
  ignore line: [ (in-process)]
  ignore line: [ "/opt/homebrew/Cellar/llvm/16.0.6/bin/clang-16" -cc1 -triple arm64-apple-macosx13.0.0 -Wundef-prefix=TARGET_OS_ -Werror=undef-prefix -Wdeprecated-objc-isa-usage -Werror=deprecated-objc-isa-usage -emit-obj -mrelax-all -disable-free -clear-ast-before-backend -disable-llvm-verifier -discard-value-names -main-file-name CMakeCCompilerABI.c -mrelocation-model pic -pic-level 2 -mframe-pointer=non-leaf -ffp-contract=on -fno-rounding-math -funwind-tables=1 -target-sdk-version=13.3 -fcompatibility-qualified-id-block-type-checking -fvisibility-inlines-hidden-static-local-var -target-cpu apple-m1 -target-feature +v8.5a -target-feature +crc -target-feature +crypto -target-feature +dotprod -target-feature +fp-armv8 -target-feature +fp16fml -target-feature +lse -target-feature +ras -target-feature +rcpc -target-feature +rdm -target-feature +neon -target-feature +zcm -target-feature +zcz -target-feature +fullfp16 -target-feature +sm4 -target-feature +sha3 -target-feature +sha2 -target-feature +aes -target-abi darwinpcs -mllvm -treat-scalable-fixed-error-as-warning -debugger-tuning=lldb -target-linker-version 857.1 -v -fcoverage-compilation-dir=/Users/lesscomplexity/DevShift/AppShift-MemoryPool/cmake-build-debug/CMakeFiles/CMakeScratch/TryCompile-p1a2t2 -resource-dir /opt/homebrew/Cellar/llvm/16.0.6/lib/clang/16 -dependency-file CMakeFiles/cmTC_91978.dir/CMakeCCompilerABI.c.o.d -MT CMakeFiles/cmTC_91978.dir/CMakeCCompilerABI.c.o -sys-header-deps -isysroot /Library/Developer/CommandLineTools/SDKs/MacOSX13.3.sdk -internal-isystem /Library/Developer/CommandLineTools/SDKs/MacOSX13.3.sdk/usr/local/include -internal-isystem /opt/homebrew/Cellar/llvm/16.0.6/lib/clang/16/include -internal-externc-isystem /Library/Developer/CommandLineTools/SDKs/MacOSX13.3.sdk/usr/include -fdebug-compilation-dir=/Users/lesscomplexity/DevShift/AppShift-MemoryPool/cmake-build-debug/CMakeFiles/CMakeScratch/TryCompile-p1a2t2 -ferror-limit 19 -stack-protector 1 -fblocks -fencode-extended-block-signature -fregister-global-dtors-with-atexit -fgnuc-version=4.2.1 -fmax-type-align=16 -fcolor-diagnostics -D__GCC_HAVE_DWARF2_CFI_ASM=1 -o CMakeFiles/cmTC_91978.dir/CMakeCCompilerABI.c.o -x c "/Users/lesscomplexity/Library/Application Support/JetBrains/Toolbox/apps/CLion/ch-0/231.9225.21/CLion.app/Contents/bin/cmake/mac/share/cmake-3.25/Modules/CMakeCCompilerABI.c"]
  ignore line: [clang -cc1 version 16.0.6 based upon LLVM 16.0.6 default target arm64-apple-darwin22.4.0]
  ignore line: [ignoring nonexistent directory "/Library/Developer/CommandLineTools/SDKs/MacOSX13.3.sdk/usr/local/include"]
  ignore line: [ignoring nonexistent directory "/Library/Developer/CommandLineTools/SDKs/MacOSX13.3.sdk/Library/Frameworks"]
  ignore line: [#include "..." search starts here:]
  ignore line: [#include <...> search starts here:]
  ignore line: [ /opt/homebrew/Cellar/llvm/16.0.6/lib/clang/16/include]
  ignore line: [ /Library/Developer/CommandLineTools/SDKs/MacOSX13.3.sdk/usr/include]
  ignore line: [ /Library/Developer/CommandLineTools/SDKs/MacOSX13.3.sdk/System/Library/Frameworks (framework directory)]
  ignore line: [End of search list.]
  ignore line: [[2/2] Linking C executable cmTC_91978]
  ignore line: [Homebrew clang version 16.0.6]
  ignore line: [Target: arm64-apple-darwin22.4.0]
  ignore line: [Thread model: posix]
  ignore line: [InstalledDir: /opt/homebrew/opt/llvm/bin]
  link line: [ "/usr/bin/ld" -demangle -lto_library /opt/homebrew/Cellar/llvm/16.0.6/lib/libLTO.dylib -dynamic -arch arm64 -platform_version macos 13.0.0 13.3 -syslibroot /Library/Developer/CommandLineTools/SDKs/MacOSX13.sdk -o cmTC_91978 -L/opt/homebrew/opt/llvm/lib -L/Library/Developer/CommandLineTools/SDKs/MacOSX.sdk/usr/lib -L/opt/homebrew/opt/llvm/lib -search_paths_first -headerpad_max_install_names -v CMakeFiles/cmTC_91978.dir/CMakeCCompilerABI.c.o -lSystem /opt/homebrew/Cellar/llvm/16.0.6/lib/clang/16/lib/darwin/libclang_rt.osx.a]
    arg [/usr/bin/ld] ==> ignore
    arg [-demangle] ==> ignore
    arg [-lto_library] ==> ignore, skip following value
    arg [/opt/homebrew/Cellar/llvm/16.0.6/lib/libLTO.dylib] ==> skip value of -lto_library
    arg [-dynamic] ==> ignore
    arg [-arch] ==> ignore
    arg [arm64] ==> ignore
    arg [-platform_version] ==> ignore
    arg [macos] ==> ignore
    arg [13.0.0] ==> ignore
    arg [13.3] ==> ignore
    arg [-syslibroot] ==> ignore
    arg [/Library/Developer/CommandLineTools/SDKs/MacOSX13.sdk] ==> ignore
    arg [-o] ==> ignore
    arg [cmTC_91978] ==> ignore
    arg [-L/opt/homebrew/opt/llvm/lib] ==> dir [/opt/homebrew/opt/llvm/lib]
    arg [-L/Library/Developer/CommandLineTools/SDKs/MacOSX.sdk/usr/lib] ==> dir [/Library/Developer/CommandLineTools/SDKs/MacOSX.sdk/usr/lib]
    arg [-L/opt/homebrew/opt/llvm/lib] ==> dir [/opt/homebrew/opt/llvm/lib]
    arg [-search_paths_first] ==> ignore
    arg [-headerpad_max_install_names] ==> ignore
    arg [-v] ==> ignore
    arg [CMakeFiles/cmTC_91978.dir/CMakeCCompilerABI.c.o] ==> ignore
    arg [-lSystem] ==> lib [System]
    arg [/opt/homebrew/Cellar/llvm/16.0.6/lib/clang/16/lib/darwin/libclang_rt.osx.a] ==> lib [/opt/homebrew/Cellar/llvm/16.0.6/lib/clang/16/lib/darwin/libclang_rt.osx.a]
  Library search paths: [;/opt/homebrew/opt/llvm/lib;/Library/Developer/CommandLineTools/SDKs/MacOSX.sdk/usr/lib;/opt/homebrew/opt/llvm/lib;/Library/Developer/CommandLineTools/SDKs/MacOSX13.sdk/usr/lib]
  Framework search paths: [;/Library/Developer/CommandLineTools/SDKs/MacOSX13.sdk/System/Library/Frameworks/]
  remove lib [System]
  remove lib [/opt/homebrew/Cellar/llvm/16.0.6/lib/clang/16/lib/darwin/libclang_rt.osx.a]
  collapse library dir [/opt/homebrew/opt/llvm/lib] ==> [/opt/homebrew/opt/llvm/lib]
  collapse library dir [/Library/Developer/CommandLineTools/SDKs/MacOSX.sdk/usr/lib] ==> [/Library/Developer/CommandLineTools/SDKs/MacOSX.sdk/usr/lib]
  collapse library dir [/opt/homebrew/opt/llvm/lib] ==> [/opt/homebrew/opt/llvm/lib]
  collapse library dir [/opt/homebrew/opt/llvm/lib] ==> [/opt/homebrew/opt/llvm/lib]
  collapse library dir [/Library/Developer/CommandLineTools/SDKs/MacOSX.sdk/usr/lib] ==> [/Library/Developer/CommandLineTools/SDKs/MacOSX.sdk/usr/lib]
  collapse library dir [/opt/homebrew/opt/llvm/lib] ==> [/opt/homebrew/opt/llvm/lib]
  collapse library dir [/Library/Developer/CommandLineTools/SDKs/MacOSX13.sdk/usr/lib] ==> [/Library/Developer/CommandLineTools/SDKs/MacOSX13.sdk/usr/lib]
  collapse framework dir [/Library/Developer/CommandLineTools/SDKs/MacOSX13.sdk/System/Library/Frameworks/] ==> [/Library/Developer/CommandLineTools/SDKs/MacOSX13.sdk/System/Library/Frameworks]
  implicit libs: []
  implicit objs: []
  implicit dirs: [/opt/homebrew/opt/llvm/lib;/Library/Developer/CommandLineTools/SDKs/MacOSX.sdk/usr/lib;/Library/Developer/CommandLineTools/SDKs/MacOSX13.sdk/usr/lib]
  implicit fwks: [/Library/Developer/CommandLineTools/SDKs/MacOSX13.sdk/System/Library/Frameworks]


Detecting CXX compiler ABI info compiled with the following output:
Change Dir: /Users/lesscomplexity/DevShift/AppShift-MemoryPool/cmake-build-debug/CMakeFiles/CMakeScratch/TryCompile-BgZdwb

Run Build Command(s):/Users/lesscomplexity/Library/Application Support/JetBrains/Toolbox/apps/CLion/ch-0/231.9225.21/CLion.app/Contents/bin/ninja/mac/ninja cmTC_d9cd9 && [1/2] Building CXX object CMakeFiles/cmTC_d9cd9.dir/CMakeCXXCompilerABI.cpp.o
Homebrew clang version 16.0.6
Target: arm64-apple-darwin22.4.0
Thread model: posix
InstalledDir: /opt/homebrew/opt/llvm/bin
clang-16: warning: -Wl,-v: 'linker' input unused [-Wunused-command-line-argument]
 (in-process)
 "/opt/homebrew/Cellar/llvm/16.0.6/bin/clang-16" -cc1 -triple arm64-apple-macosx13.0.0 -Wundef-prefix=TARGET_OS_ -Werror=undef-prefix -Wdeprecated-objc-isa-usage -Werror=deprecated-objc-isa-usage -emit-obj -mrelax-all -disable-free -clear-ast-before-backend -disable-llvm-verifier -discard-value-names -main-file-name CMakeCXXCompilerABI.cpp -mrelocation-model pic -pic-level 2 -mframe-pointer=non-leaf -ffp-contract=on -fno-rounding-math -funwind-tables=1 -target-sdk-version=13.3 -fcompatibility-qualified-id-block-type-checking -fvisibility-inlines-hidden-static-local-var -target-cpu apple-m1 -target-feature +v8.5a -target-feature +crc -target-feature +crypto -target-feature +dotprod -target-feature +fp-armv8 -target-feature +fp16fml -target-feature +lse -target-feature +ras -target-feature +rcpc -target-feature +rdm -target-feature +neon -target-feature +zcm -target-feature +zcz -target-feature +fullfp16 -target-feature +sm4 -target-feature +sha3 -target-feature +sha2 -target-feature +aes -target-abi darwinpcs -mllvm -treat-scalable-fixed-error-as-warning -debugger-tuning=lldb -target-linker-version 857.1 -v -fcoverage-compilation-dir=/Users/lesscomplexity/DevShift/AppShift-MemoryPool/cmake-build-debug/CMakeFiles/CMakeScratch/TryCompile-BgZdwb -resource-dir /opt/homebrew/Cellar/llvm/16.0.6/lib/clang/16 -dependency-file CMakeFiles/cmTC_d9cd9.dir/CMakeCXXCompilerABI.cpp.o.d -MT CMakeFiles/cmTC_d9cd9.dir/CMakeCXXCompilerABI.cpp.o -sys-header-deps -isysroot /Library/Developer/CommandLineTools/SDKs/MacOSX13.3.sdk -internal-isystem /opt/homebrew/opt/llvm/bin/../include/c++/v1 -internal-isystem /Library/Developer/CommandLineTools/SDKs/MacOSX13.3.sdk/usr/local/include -internal-isystem /opt/homebrew/Cellar/llvm/16.0.6/lib/clang/16/include -internal-externc-isystem /Library/Developer/CommandLineTools/SDKs/MacOSX13.3.sdk/usr/include -fdeprecated-macro -fdebug-compilation-dir=/Users/lesscomplexity/DevShift/AppShift-MemoryPool/cmake-build-debug/CMakeFiles/CMakeScratch/TryCompile-BgZdwb -ferror-limit 19 -stack-protector 1 -fblocks -fencode-extended-block-signature -fregister-global-dtors-with-atexit -fgnuc-version=4.2.1 -fcxx-exceptions -fexceptions -fmax-type-align=16 -fcolor-diagnostics -D__GCC_HAVE_DWARF2_CFI_ASM=1 -o CMakeFiles/cmTC_d9cd9.dir/CMakeCXXCompilerABI.cpp.o -x c++ "/Users/lesscomplexity/Library/Application Support/JetBrains/Toolbox/apps/CLion/ch-0/231.9225.21/CLion.app/Contents/bin/cmake/mac/share/cmake-3.25/Modules/CMakeCXXCompilerABI.cpp"
clang -cc1 version 16.0.6 based upon LLVM 16.0.6 default target arm64-apple-darwin22.4.0
ignoring nonexistent directory "/Library/Developer/CommandLineTools/SDKs/MacOSX13.3.sdk/usr/local/include"
ignoring nonexistent directory "/Library/Developer/CommandLineTools/SDKs/MacOSX13.3.sdk/Library/Frameworks"
#include "..." search starts here:
#include <...> search starts here:
 /opt/homebrew/opt/llvm/bin/../include/c++/v1
 /opt/homebrew/Cellar/llvm/16.0.6/lib/clang/16/include
 /Library/Developer/CommandLineTools/SDKs/MacOSX13.3.sdk/usr/include
 /Library/Developer/CommandLineTools/SDKs/MacOSX13.3.sdk/System/Library/Frameworks (framework directory)
End of search list.
[2/2] Linking CXX executable cmTC_d9cd9
Homebrew clang version 16.0.6
Target: arm64-apple-darwin22.4.0
Thread model: posix
InstalledDir: /opt/homebrew/opt/llvm/bin
 "/usr/bin/ld" -demangle -lto_library /opt/homebrew/Cellar/llvm/16.0.6/lib/libLTO.dylib -dynamic -arch arm64 -platform_version macos 13.0.0 13.3 -syslibroot /Library/Developer/CommandLineTools/SDKs/MacOSX13.sdk -o cmTC_d9cd9 -L/opt/homebrew/opt/llvm/lib -L/Library/Developer/CommandLineTools/SDKs/MacOSX.sdk/usr/lib -L/opt/homebrew/opt/llvm/lib -search_paths_first -headerpad_max_install_names -v CMakeFiles/cmTC_d9cd9.dir/CMakeCXXCompilerABI.cpp.o -lc++ -lSystem /opt/homebrew/Cellar/llvm/16.0.6/lib/clang/16/lib/darwin/libclang_rt.osx.a
@(#)PROGRAM:ld  PROJECT:ld64-857.1
BUILD 16:59:58 Feb 24 2023
configured to support archs: armv6 armv7 armv7s arm64 arm64e arm64_32 i386 x86_64 x86_64h armv6m armv7k armv7m armv7em
Library search paths:
	/opt/homebrew/opt/llvm/lib
	/Library/Developer/CommandLineTools/SDKs/MacOSX.sdk/usr/lib
	/opt/homebrew/opt/llvm/lib
	/Library/Developer/CommandLineTools/SDKs/MacOSX13.sdk/usr/lib
Framework search paths:
	/Library/Developer/CommandLineTools/SDKs/MacOSX13.sdk/System/Library/Frameworks/



Parsed CXX implicit include dir info from above output: rv=done
  found start of include info
  found start of implicit include info
    add: [/opt/homebrew/opt/llvm/bin/../include/c++/v1]
    add: [/opt/homebrew/Cellar/llvm/16.0.6/lib/clang/16/include]
    add: [/Library/Developer/CommandLineTools/SDKs/MacOSX13.3.sdk/usr/include]
  end of search list found
  collapse include dir [/opt/homebrew/opt/llvm/bin/../include/c++/v1] ==> [/opt/homebrew/opt/llvm/include/c++/v1]
  collapse include dir [/opt/homebrew/Cellar/llvm/16.0.6/lib/clang/16/include] ==> [/opt/homebrew/Cellar/llvm/16.0.6/lib/clang/16/include]
  collapse include dir [/Library/Developer/CommandLineTools/SDKs/MacOSX13.3.sdk/usr/include] ==> [/Library/Developer/CommandLineTools/SDKs/MacOSX13.3.sdk/usr/include]
  implicit include dirs: [/opt/homebrew/opt/llvm/include/c++/v1;/opt/homebrew/Cellar/llvm/16.0.6/lib/clang/16/include;/Library/Developer/CommandLineTools/SDKs/MacOSX13.3.sdk/usr/include]


Parsed CXX implicit link information from above output:
  link line regex: [^( *|.*[/\])(ld|CMAKE_LINK_STARTFILE-NOTFOUND|([^/\]+-)?ld|collect2)[^/\]*( |$)]
  ignore line: [Change Dir: /Users/lesscomplexity/DevShift/AppShift-MemoryPool/cmake-build-debug/CMakeFiles/CMakeScratch/TryCompile-BgZdwb]
  ignore line: []
  ignore line: [Run Build Command(s):/Users/lesscomplexity/Library/Application Support/JetBrains/Toolbox/apps/CLion/ch-0/231.9225.21/CLion.app/Contents/bin/ninja/mac/ninja cmTC_d9cd9 && [1/2] Building CXX object CMakeFiles/cmTC_d9cd9.dir/CMakeCXXCompilerABI.cpp.o]
  ignore line: [Homebrew clang version 16.0.6]
  ignore line: [Target: arm64-apple-darwin22.4.0]
  ignore line: [Thread model: posix]
  ignore line: [InstalledDir: /opt/homebrew/opt/llvm/bin]
  ignore line: [clang-16: warning: -Wl -v: 'linker' input unused [-Wunused-command-line-argument]]
  ignore line: [ (in-process)]
  ignore line: [ "/opt/homebrew/Cellar/llvm/16.0.6/bin/clang-16" -cc1 -triple arm64-apple-macosx13.0.0 -Wundef-prefix=TARGET_OS_ -Werror=undef-prefix -Wdeprecated-objc-isa-usage -Werror=deprecated-objc-isa-usage -emit-obj -mrelax-all -disable-free -clear-ast-before-backend -disable-llvm-verifier -discard-value-names -main-file-name CMakeCXXCompilerABI.cpp -mrelocation-model pic -pic-level 2 -mframe-pointer=non-leaf -ffp-contract=on -fno-rounding-math -funwind-tables=1 -target-sdk-version=13.3 -fcompatibility-qualified-id-block-type-checking -fvisibility-inlines-hidden-static-local-var -target-cpu apple-m1 -target-feature +v8.5a -target-feature +crc -target-feature +crypto -target-feature +dotprod -target-feature +fp-armv8 -target-feature +fp16fml -target-feature +lse -target-feature +ras -target-feature +rcpc -target-feature +rdm -target-feature +neon -target-feature +zcm -target-feature +zcz -target-feature +fullfp16 -target-feature +sm4 -target-feature +sha3 -target-feature +sha2 -target-feature +aes -target-abi darwinpcs -mllvm -treat-scalable-fixed-error-as-warning -debugger-tuning=lldb -target-linker-version 857.1 -v -fcoverage-compilation-dir=/Users/lesscomplexity/DevShift/AppShift-MemoryPool/cmake-build-debug/CMakeFiles/CMakeScratch/TryCompile-BgZdwb -resource-dir /opt/homebrew/Cellar/llvm/16.0.6/lib/clang/16 -dependency-file CMakeFiles/cmTC_d9cd9.dir/CMakeCXXCompilerABI.cpp.o.d -MT CMakeFiles/cmTC_d9cd9.dir/CMakeCXXCompilerABI.cpp.o -sys-header-deps -isysroot /Library/Developer/CommandLineTools/SDKs/MacOSX13.3.sdk -internal-isystem /opt/homebrew/opt/llvm/bin/../include/c++/v1 -internal-isystem /Library/Developer/CommandLineTools/SDKs/MacOSX13.3.sdk/usr/local/include -internal-isystem /opt/homebrew/Cellar/llvm/16.0.6/lib/clang/16/include -internal-externc-isystem /Library/Developer/CommandLineTools/SDKs/MacOSX13.3.sdk/usr/include -fdeprecated-macro -fdebug-compilation-dir=/Users/lesscomplexity/DevShift/AppShift-MemoryPool/cmake-build-debug/CMakeFiles/CMakeScratch/TryCompile-BgZdwb -ferror-limit 19 -stack-protector 1 -fblocks -fencode-extended-block-signature -fregister-global-dtors-with-atexit -fgnuc-version=4.2.1 -fcxx-exceptions -fexceptions -fmax-type-align=16 -fcolor-diagnostics -D__GCC_HAVE_DWARF2_CFI_ASM=1 -o CMakeFiles/cmTC_d9cd9.dir/CMakeCXXCompilerABI.cpp.o -x c++ "/Users/lesscomplexity/Library/Application Support/JetBrains/Toolbox/apps/CLion/ch-0/231.9225.21/CLion.app/Contents/bin/cmake/mac/share/cmake-3.25/Modules/CMakeCXXCompilerABI.cpp"]
  ignore line: [clang -cc1 version 16.0.6 based upon LLVM 16.0.6 default target arm64-apple-darwin22.4.0]
  ignore line: [ignoring nonexistent directory "/Library/Developer/CommandLineTools/SDKs/MacOSX13.3.sdk/usr/local/include"]
  ignore line: [ignoring nonexistent directory "/Library/Developer/CommandLineTools/SDKs/MacOSX13.3.sdk/Library/Frameworks"]
  ignore line: [#include "..." search starts here:]
  ignore line: [#include <...> search starts here:]
  ignore line: [ /opt/homebrew/opt/llvm/bin/../include/c++/v1]
  ignore line: [ /opt/homebrew/Cellar/llvm/16.0.6/lib/clang/16/include]
  ignore line: [ /Library/Developer/CommandLineTools/SDKs/MacOSX13.3.sdk/usr/include]
  ignore line: [ /Library/Developer/CommandLineTools/SDKs/MacOSX13.3.sdk/System/Library/Frameworks (framework directory)]
  ignore line: [End of search list.]
  ignore line: [[2/2] Linking CXX executable cmTC_d9cd9]
  ignore line: [Homebrew clang version 16.0.6]
  ignore line: [Target: arm64-apple-darwin22.4.0]
  ignore line: [Thread model: posix]
  ignore line: [InstalledDir: /opt/homebrew/opt/llvm/bin]
  link line: [ "/usr/bin/ld" -demangle -lto_library /opt/homebrew/Cellar/llvm/16.0.6/lib/libLTO.dylib -dynamic -arch arm64 -platform_version macos 13.0.0 13.3 -syslibroot /Library/Developer/CommandLineTools/SDKs/MacOSX13.sdk -o cmTC_d9cd9 -L/opt/homebrew/opt/llvm/lib -L/Library/Developer/CommandLineTools/SDKs/MacOSX.sdk/usr/lib -L/opt/homebrew/opt/llvm/lib -search_paths_first -headerpad_max_install_names -v CMakeFiles/cmTC_d9cd9.dir/CMakeCXXCompilerABI.cpp.o -lc++ -lSystem /opt/homebrew/Cellar/llvm/16.0.6/lib/clang/16/lib/darwin/libclang_rt.osx.a]
    arg [/usr/bin/ld] ==> ignore
    arg [-demangle] ==> ignore
    arg [-lto_library] ==> ignore, skip following value
    arg [/opt/homebrew/Cellar/llvm/16.0.6/lib/libLTO.dylib] ==> skip value of -lto_library
    arg [-dynamic] ==> ignore
    arg [-arch] ==> ignore
    arg [arm64] ==> ignore
    arg [-platform_version] ==> ignore
    arg [macos] ==> ignore
    arg [13.0.0] ==> ignore
    arg [13.3] ==> ignore
    arg [-syslibroot] ==> ignore
    arg [/Library/Developer/CommandLineTools/SDKs/MacOSX13.sdk] ==> ignore
    arg [-o] ==> ignore
    arg [cmTC_d9cd9] ==> ignore
    arg [-L/opt/homebrew/opt/llvm/lib] ==> dir [/opt/homebrew/opt/llvm/lib]
    arg [-L/Library/Developer/CommandLineTools/SDKs/MacOSX.sdk/usr/lib] ==> dir [/Library/Developer/CommandLineTools/SDKs/MacOSX.sdk/usr/lib]
    arg [-L/opt/homebrew/opt/llvm/lib] ==> dir [/opt/homebrew/opt/llvm/lib]
    arg [-search_paths_first] ==> ignore
    arg [-headerpad_max_install_names] ==> ignore
    arg [-v] ==> ignore
    arg [CMakeFiles/cmTC_d9cd9.dir/CMakeCXXCompilerABI.cpp.o] ==> ignore
    arg [-lc++] ==> lib [c++]
    arg [-lSystem] ==> lib [System]
    arg [/opt/homebrew/Cellar/llvm/16.0.6/lib/clang/16/lib/darwin/libclang_rt.osx.a] ==> lib [/opt/homebrew/Cellar/llvm/16.0.6/lib/clang/16/lib/darwin/libclang_rt.osx.a]
  Library search paths: [;/opt/homebrew/opt/llvm/lib;/Library/Developer/CommandLineTools/SDKs/MacOSX.sdk/usr/lib;/opt/homebrew/opt/llvm/lib;/Library/Developer/CommandLineTools/SDKs/MacOSX13.sdk/usr/lib]
  Framework search paths: [;/Library/Developer/CommandLineTools/SDKs/MacOSX13.sdk/System/Library/Frameworks/]
  remove lib [System]
  remove lib [/opt/homebrew/Cellar/llvm/16.0.6/lib/clang/16/lib/darwin/libclang_rt.osx.a]
  collapse library dir [/opt/homebrew/opt/llvm/lib] ==> [/opt/homebrew/opt/llvm/lib]
  collapse library dir [/Library/Developer/CommandLineTools/SDKs/MacOSX.sdk/usr/lib] ==> [/Library/Developer/CommandLineTools/SDKs/MacOSX.sdk/usr/lib]
  collapse library dir [/opt/homebrew/opt/llvm/lib] ==> [/opt/homebrew/opt/llvm/lib]
  collapse library dir [/opt/homebrew/opt/llvm/lib] ==> [/opt/homebrew/opt/llvm/lib]
  collapse library dir [/Library/Developer/CommandLineTools/SDKs/MacOSX.sdk/usr/lib] ==> [/Library/Developer/CommandLineTools/SDKs/MacOSX.sdk/usr/lib]
  collapse library dir [/opt/homebrew/opt/llvm/lib] ==> [/opt/homebrew/opt/llvm/lib]
  collapse library dir [/Library/Developer/CommandLineTools/SDKs/MacOSX13.sdk/usr/lib] ==> [/Library/Developer/CommandLineTools/SDKs/MacOSX13.sdk/usr/lib]
  collapse framework dir [/Library/Developer/CommandLineTools/SDKs/MacOSX13.sdk/System/Library/Frameworks/] ==> [/Library/Developer/CommandLineTools/SDKs/MacOSX13.sdk/System/Library/Frameworks]
  implicit libs: [c++]
  implicit objs: []
  implicit dirs: [/opt/homebrew/opt/llvm/lib;/Library/Developer/CommandLineTools/SDKs/MacOSX.sdk/usr/lib;/Library/Developer/CommandLineTools/SDKs/MacOSX13.sdk/usr/lib]
  implicit fwks: [/Library/Developer/CommandLineTools/SDKs/MacOSX13.sdk/System/Library/Frameworks]


